<Event xmlns="http://schemas.microsoft.com/win/2004/08/events/event">
        <System>
            <Provider Name="Puppet" />
            <EventID Qualifiers="0">1</EventID>
            <Level>4</Level>
            <Task>0</Task>
            <Keywords>0x80000000000000</Keywords>
            <TimeCreated SystemTime="2020-06-12T11:18:50.885318200Z" />
            <EventRecordID>594</EventRecordID>
            <Channel>Application</Channel>
            <Computer>MSEDGEWIN10</Computer>
            <Security />
        </System>
        <EventData>
            <Data>Service started</Data>
        </EventData>
        <RenderingInfo Culture="en-US">
            <Message>Service started</Message>
            <Level>Information</Level>
            <Task />
            <Opcode>Info</Opcode>
            <Channel />
            <Provider />
            <Keywords>
                <Keyword>Classic</Keyword>
            </Keywords>
        </RenderingInfo>
    </Event>
    <Event xmlns="http://schemas.microsoft.com/win/2004/08/events/event">
        <System>
            <Provider Name="Microsoft-Windows-Security-SPP" Guid="{E23B33B0-C8C9-472C-A5F9-F2BDFEA0F156}" EventSourceName="Software Protection Platform Service" />
            <EventID Qualifiers="16384">902</EventID>
            <Version>0</Version>
            <Level>0</Level>
            <Task>0</Task>
            <Opcode>0</Opcode>
            <Keywords>0x80000000000000</Keywords>
            <TimeCreated SystemTime="2020-06-12T11:18:45.915956200Z" />
            <EventRecordID>593</EventRecordID>
            <Correlation />
            <Execution ProcessID="0" ThreadID="0" />
            <Channel>Application</Channel>
            <Computer>MSEDGEWIN10</Computer>
            <Security />
        </System>
        <EventData>
            <Data>10.0.17763.379</Data>
        </EventData>
        <RenderingInfo Culture="en-US">
            <Message>The Software Protection service has started.
				10.0.17763.379</Message>
            <Level>Information</Level>
            <Task />
            <Opcode />
            <Channel />
            <Provider>Microsoft-Windows-Security-SPP</Provider>
            <Keywords>
                <Keyword>Classic</Keyword>
            </Keywords>
        </RenderingInfo>
    </Event>
    <Event xmlns="http://schemas.microsoft.com/win/2004/08/events/event">
        <System>
            <Provider Name="Microsoft-Windows-Security-SPP" Guid="{E23B33B0-C8C9-472C-A5F9-F2BDFEA0F156}" EventSourceName="Software Protection Platform Service" />
            <EventID Qualifiers="32768">1037</EventID>
            <Version>0</Version>
            <Level>4</Level>
            <Task>0</Task>
            <Opcode>0</Opcode>
            <Keywords>0x80000000000000</Keywords>
            <TimeCreated SystemTime="2020-06-12T11:18:45.790086500Z" />
            <EventRecordID>592</EventRecordID>
            <Correlation />
            <Execution ProcessID="0" ThreadID="0" />
            <Channel>Application</Channel>
            <Computer>MSEDGEWIN10</Computer>
            <Security />
        </System>
        <EventData>
            <Data>validity</Data>
            <Data>127241</Data>
        </EventData>
        <RenderingInfo Culture="en-US">
            <Message>Time-based license remaining validity time 127241 minutes.</Message>
            <Level>Information</Level>
            <Task />
            <Opcode />
            <Channel />
            <Provider>Microsoft-Windows-Security-SPP</Provider>
            <Keywords>
                <Keyword>Classic</Keyword>
            </Keywords>
        </RenderingInfo>
    </Event>
    <Event xmlns="http://schemas.microsoft.com/win/2004/08/events/event">
        <System>
            <Provider Name="Microsoft-Windows-Security-SPP" Guid="{E23B33B0-C8C9-472C-A5F9-F2BDFEA0F156}" EventSourceName="Software Protection Platform Service" />
            <EventID Qualifiers="16384">1003</EventID>
            <Version>0</Version>
            <Level>4</Level>
            <Task>0</Task>
            <Opcode>0</Opcode>
            <Keywords>0x80000000000000</Keywords>
            <TimeCreated SystemTime="2020-06-12T11:18:45.698404600Z" />
            <EventRecordID>591</EventRecordID>
            <Correlation />
            <Execution ProcessID="0" ThreadID="0" />
            <Channel>Application</Channel>
            <Computer>MSEDGEWIN10</Computer>
            <Security />
        </System>
        <EventData>
            <Data>55c92734-d682-4d71-983e-d6ec3f16059f</Data>
            <Data>1: 3f4c0546-36c6-46a8-a37f-be13cdd0cf25, 1, 1 [(0 [0x00000000, 1, 0], [(?)( 1 0x00000000)(?)( 2 0x00000000 0 0 msft:rm/algorithm/hwid/4.0 0x00000000 0)(?)( 9 0x00000000 90 127241)( 10 0x00000000 msft:rm/algorithm/flags/1.0)(?)])(1 )(2 )(3 )]</Data>
        </EventData>
        <RenderingInfo Culture="en-US">
            <Message>The Software Protection service has completed licensing status check.
				Application Id=55c92734-d682-4d71-983e-d6ec3f16059f
				Licensing Status=
				1: 3f4c0546-36c6-46a8-a37f-be13cdd0cf25, 1, 1 [(0 [0x00000000, 1, 0], [(?)( 1 0x00000000)(?)( 2 0x00000000 0 0 msft:rm/algorithm/hwid/4.0 0x00000000 0)(?)( 9 0x00000000 90 127241)( 10 0x00000000 msft:rm/algorithm/flags/1.0)(?)])(1 )(2 )(3 )]
				</Message>
            <Level>Information</Level>
            <Task />
            <Opcode />
            <Channel />
            <Provider>Microsoft-Windows-Security-SPP</Provider>
            <Keywords>
                <Keyword>Classic</Keyword>
            </Keywords>
        </RenderingInfo>
    </Event>
    <Event xmlns="http://schemas.microsoft.com/win/2004/08/events/event">
        <System>
            <Provider Name="Microsoft-Windows-Security-SPP" Guid="{E23B33B0-C8C9-472C-A5F9-F2BDFEA0F156}" EventSourceName="Software Protection Platform Service" />
            <EventID Qualifiers="16384">1066</EventID>
            <Version>0</Version>
            <Level>4</Level>
            <Task>0</Task>
            <Opcode>0</Opcode>
            <Keywords>0x80000000000000</Keywords>
            <TimeCreated SystemTime="2020-06-12T11:18:45.192501500Z" />
            <EventRecordID>590</EventRecordID>
            <Correlation />
            <Execution ProcessID="0" ThreadID="0" />
            <Channel>Application</Channel>
            <Computer>MSEDGEWIN10</Computer>
            <Security />
        </System>
        <EventData>
            <Data>C:\Windows\system32\sppwinob.dll, msft:spp/windowsfunctionality/agent/7.0, 0x00000000, 0x00000000
				C:\Windows\system32\sppobjs.dll, msft:rm/algorithm/inherited/1.0, 0x00000000, 0x00000000
				C:\Windows\system32\sppobjs.dll, msft:rm/algorithm/phone/1.0, 0x00000000, 0x00000000
				C:\Windows\system32\sppobjs.dll, msft:rm/algorithm/pkey/detect, 0x00000000, 0x00000000
				C:\Windows\system32\sppobjs.dll, msft:spp/ActionScheduler/1.0, 0x00000000, 0x00000000
				C:\Windows\system32\sppobjs.dll, msft:spp/TaskScheduler/1.0, 0x00000000, 0x00000000
				C:\Windows\system32\sppobjs.dll, msft:spp/statecollector/pkey, 0x00000000, 0x00000000
				C:\Windows\system32\sppobjs.dll, msft:spp/volume/services/kms/1.0, 0x00000000, 0x00000000
				C:\Windows\system32\sppobjs.dll, msft:spp/volume/services/kms/activationinfo/1.0, 0x00000000, 0x00000000
			</Data>
        </EventData>
        <RenderingInfo Culture="en-US">
            <Message>Initialization status for service objects.
				C:\Windows\system32\sppwinob.dll, msft:spp/windowsfunctionality/agent/7.0, 0x00000000, 0x00000000
				C:\Windows\system32\sppobjs.dll, msft:rm/algorithm/inherited/1.0, 0x00000000, 0x00000000
				C:\Windows\system32\sppobjs.dll, msft:rm/algorithm/phone/1.0, 0x00000000, 0x00000000
				C:\Windows\system32\sppobjs.dll, msft:rm/algorithm/pkey/detect, 0x00000000, 0x00000000
				C:\Windows\system32\sppobjs.dll, msft:spp/ActionScheduler/1.0, 0x00000000, 0x00000000
				C:\Windows\system32\sppobjs.dll, msft:spp/TaskScheduler/1.0, 0x00000000, 0x00000000
				C:\Windows\system32\sppobjs.dll, msft:spp/statecollector/pkey, 0x00000000, 0x00000000
				C:\Windows\system32\sppobjs.dll, msft:spp/volume/services/kms/1.0, 0x00000000, 0x00000000
				C:\Windows\system32\sppobjs.dll, msft:spp/volume/services/kms/activationinfo/1.0, 0x00000000, 0x00000000
			</Message>
            <Level>Information</Level>
            <Task />
            <Opcode />
            <Channel />
            <Provider>Microsoft-Windows-Security-SPP</Provider>
            <Keywords>
                <Keyword>Classic</Keyword>
            </Keywords>
        </RenderingInfo>
    </Event>
    <Event xmlns="http://schemas.microsoft.com/win/2004/08/events/event">
        <System>
            <Provider Name="Microsoft-Windows-Security-SPP" Guid="{E23B33B0-C8C9-472C-A5F9-F2BDFEA0F156}" EventSourceName="Software Protection Platform Service" />
            <EventID Qualifiers="49152">16394</EventID>
            <Version>0</Version>
            <Level>4</Level>
            <Task>0</Task>
            <Opcode>0</Opcode>
            <Keywords>0x80000000000000</Keywords>
            <TimeCreated SystemTime="2020-06-12T11:18:44.962870400Z" />
            <EventRecordID>589</EventRecordID>
            <Correlation />
            <Execution ProcessID="0" ThreadID="0" />
            <Channel>Application</Channel>
            <Computer>MSEDGEWIN10</Computer>
            <Security />
        </System>
        <EventData />
        <RenderingInfo Culture="en-US">
            <Message>Offline downlevel migration succeeded.</Message>
            <Level>Information</Level>
            <Task />
            <Opcode />
            <Channel />
            <Provider>Microsoft-Windows-Security-SPP</Provider>
            <Keywords>
                <Keyword>Classic</Keyword>
            </Keywords>
        </RenderingInfo>
    </Event>
    <Event xmlns="http://schemas.microsoft.com/win/2004/08/events/event">
        <System>
            <Provider Name="Microsoft-Windows-Security-SPP" Guid="{E23B33B0-C8C9-472C-A5F9-F2BDFEA0F156}" EventSourceName="Software Protection Platform Service" />
            <EventID Qualifiers="16384">900</EventID>
            <Version>0</Version>
            <Level>4</Level>
            <Task>0</Task>
            <Opcode>0</Opcode>
            <Keywords>0x80000000000000</Keywords>
            <TimeCreated SystemTime="2020-06-12T11:18:44.593454900Z" />
            <EventRecordID>588</EventRecordID>
            <Correlation />
            <Execution ProcessID="0" ThreadID="0" />
            <Channel>Application</Channel>
            <Computer>MSEDGEWIN10</Computer>
            <Security />
        </System>
        <EventData>
            <Data>TriggerStarted:6</Data>
        </EventData>
        <RenderingInfo Culture="en-US">
            <Message>The Software Protection service is starting.
				Parameters:TriggerStarted:6
			</Message>
            <Level>Information</Level>
            <Task />
            <Opcode />
            <Channel />
            <Provider>Microsoft-Windows-Security-SPP</Provider>
            <Keywords>
                <Keyword>Classic</Keyword>
            </Keywords>
        </RenderingInfo>
    </Event>
    <Event xmlns="http://schemas.microsoft.com/win/2004/08/events/event">
        <System>
            <Provider Name="Microsoft-Windows-WMI" Guid="{1edeee53-0afe-4609-b846-d8c0b2075b1f}" />
            <EventID>5615</EventID>
            <Version>2</Version>
            <Level>4</Level>
            <Task>0</Task>
            <Opcode>0</Opcode>
            <Keywords>0x8000000000000000</Keywords>
            <TimeCreated SystemTime="2020-06-12T11:18:42.575949600Z" />
            <EventRecordID>587</EventRecordID>
            <Correlation />
            <Execution ProcessID="2196" ThreadID="2208" />
            <Channel>Application</Channel>
            <Computer>MSEDGEWIN10</Computer>
            <Security UserID="S-1-5-18" />
        </System>
        <EventData />
        <RenderingInfo Culture="en-US">
            <Message>Windows Management Instrumentation Service started sucessfully</Message>
            <Level>Information</Level>
            <Task />
            <Opcode>Info</Opcode>
            <Channel>Application</Channel>
            <Provider>Microsoft-Windows-WMI</Provider>
            <Keywords />
        </RenderingInfo>
    </Event>
    <Event xmlns="http://schemas.microsoft.com/win/2004/08/events/event">
        <System>
            <Provider Name="Microsoft-Windows-User Profiles Service" Guid="{89b1e9f0-5aff-44a6-9b44-0a07a7ce5845}" />
            <EventID>1531</EventID>
            <Version>0</Version>
            <Level>4</Level>
            <Task>0</Task>
            <Opcode>0</Opcode>
            <Keywords>0x8000000000000000</Keywords>
            <TimeCreated SystemTime="2020-06-12T11:18:40.735620000Z" />
            <EventRecordID>586</EventRecordID>
            <Correlation />
            <Execution ProcessID="1316" ThreadID="1436" />
            <Channel>Application</Channel>
            <Computer>MSEDGEWIN10</Computer>
            <Security UserID="S-1-5-18" />
        </System>
        <EventData />
        <RenderingInfo Culture="en-US">
            <Message>The User Profile Service has started successfully.</Message>
            <Level>Information</Level>
            <Task />
            <Opcode>Info</Opcode>
            <Channel>Application</Channel>
            <Provider>Microsoft-Windows-User Profile Service</Provider>
            <Keywords />
        </RenderingInfo>
    </Event>
    <Event xmlns="http://schemas.microsoft.com/win/2004/08/events/event">
        <System>
            <Provider Name="Microsoft-Windows-EventSystem" Guid="{899daace-4868-4295-afcd-9eb8fb497561}" EventSourceName="EventSystem" />
            <EventID Qualifiers="16384">4625</EventID>
            <Version>0</Version>
            <Level>4</Level>
            <Task>0</Task>
            <Opcode>0</Opcode>
            <Keywords>0x80000000000000</Keywords>
            <TimeCreated SystemTime="2020-06-12T11:18:40.760944400Z" />
            <EventRecordID>585</EventRecordID>
            <Correlation />
            <Execution ProcessID="0" ThreadID="0" />
            <Channel>Application</Channel>
            <Computer>MSEDGEWIN10</Computer>
            <Security />
        </System>
        <EventData>
            <Data Name="param1">86400</Data>
            <Data Name="param2">SuppressDuplicateDuration</Data>
            <Data Name="param3">Software\Microsoft\EventSystem\EventLog</Data>
        </EventData>
        <RenderingInfo Culture="en-US">
            <Message>The EventSystem sub system is suppressing duplicate event log entries for a duration of 86400 seconds.  The suppression timeout can be controlled by a REG_DWORD value named SuppressDuplicateDuration under the following registry key: HKLM\Software\Microsoft\EventSystem\EventLog.</Message>
            <Level>Information</Level>
            <Task />
            <Opcode />
            <Channel />
            <Provider>Microsoft-Windows-EventSystem</Provider>
            <Keywords>
                <Keyword>Classic</Keyword>
            </Keywords>
        </RenderingInfo>
    </Event>
</Events>